------------------- REFERENCE METADATA -------------------
ID      LEN
2L      23513712
2R      25286936
3L      28110227
3R      32079331
4       1348131
X       23542271
Y       9696354
TOTAL LEN: 143576962
------------------- SEGMENT METADATA -------------------
(default) LENGTH: 2243390
BIN     REF ID  START   LEN
0       2L      0       2243390
1       2L      2243240 2243390
2       2L      4486480 2243390
3       2L      6729720 2243390
4       2L      8972960 2243390
5       2L      11216200        2243390
6       2L      13459440        2243390
7       2L      15702680        2243390
8       2L      17945920        2243390
9       2L      20189160        2243390
10      2L      22432400        2243390
11      2L      22432400        1081312
12      2R      0       2243390
13      2R      2243240 2243390
14      2R      4486480 2243390
15      2R      6729720 2243390
16      2R      8972960 2243390
17      2R      11216200        2243390
18      2R      13459440        2243390
19      2R      15702680        2243390
20      2R      17945920        2243390
21      2R      20189160        2243390
22      2R      22432400        2243390
23      2R      24675640        2243390
24      2R      24675640        611296
25      3L      0       2243390
26      3L      2243240 2243390
27      3L      4486480 2243390
28      3L      6729720 2243390
29      3L      8972960 2243390
30      3L      11216200        2243390
31      3L      13459440        2243390
32      3L      15702680        2243390
33      3L      17945920        2243390
34      3L      20189160        2243390
35      3L      22432400        2243390
36      3L      24675640        2243390
37      3L      26918880        2243390
38      3L      26918880        1191347
39      3R      0       2243390
40      3R      2243240 2243390
41      3R      4486480 2243390
42      3R      6729720 2243390
43      3R      8972960 2243390
44      3R      11216200        2243390
45      3R      13459440        2243390
46      3R      15702680        2243390
47      3R      17945920        2243390
48      3R      20189160        2243390
49      3R      22432400        2243390
50      3R      24675640        2243390
51      3R      26918880        2243390
52      3R      29162120        2243390
53      3R      31405360        2243390
54      3R      31405360        673971
55      4       0       1348131
56      X       0       2243390
57      X       2243240 2243390
58      X       4486480 2243390
59      X       6729720 2243390
60      X       8972960 2243390
61      X       11216200        2243390
62      X       13459440        2243390
63      X       15702680        2243390
64      X       17945920        2243390
65      X       20189160        2243390
66      X       22432400        2243390
67      X       22432400        1109871
68      Y       0       2243390
69      Y       2243240 2243390
70      Y       4486480 2243390
71      Y       6729720 2243390
72      Y       8972960 2243390
73      Y       8972960 723394

